e:\c语言文件\psp案例修改\psp案例修改\x64\debug\vc140.pdb
e:\c语言文件\psp案例修改\psp案例修改\x64\debug\vc140.idb
e:\c语言文件\psp案例修改\psp案例修改\x64\debug\change_name.obj
e:\c语言文件\psp案例修改\psp案例修改\x64\debug\change_password.obj
e:\c语言文件\psp案例修改\psp案例修改\x64\debug\cha_sto_loc.obj
e:\c语言文件\psp案例修改\psp案例修改\x64\debug\delete_user.obj
e:\c语言文件\psp案例修改\psp案例修改\x64\debug\log_in.obj
e:\c语言文件\psp案例修改\psp案例修改\x64\debug\mainfun.obj
e:\c语言文件\psp案例修改\psp案例修改\x64\debug\login_project.obj
e:\c语言文件\psp案例修改\psp案例修改\x64\debug\login_timerecord.obj
e:\c语言文件\psp案例修改\psp案例修改\x64\debug\login_weeknote.obj
e:\c语言文件\psp案例修改\psp案例修改\x64\debug\main_public.obj
e:\c语言文件\psp案例修改\psp案例修改\x64\debug\public.obj
e:\c语言文件\psp案例修改\psp案例修改\x64\debug\pspmain.obj
e:\c语言文件\psp案例修改\psp案例修改\x64\debug\psp_initial.obj
e:\c语言文件\psp案例修改\psp案例修改\x64\debug\sys_man.obj
e:\c语言文件\psp案例修改\psp案例修改\x64\debug\user_man.obj
e:\c语言文件\psp案例修改\psp案例修改\x64\debug\user_man_create.obj
e:\c语言文件\psp案例修改\psp案例修改\x64\debug\user_public.obj
e:\c语言文件\psp案例修改\x64\debug\psp案例修改.ilk
e:\c语言文件\psp案例修改\x64\debug\psp案例修改.exe
e:\c语言文件\psp案例修改\x64\debug\psp案例修改.pdb
e:\c语言文件\psp案例修改\psp案例修改\x64\debug\psp案例修改.tlog\cl.command.1.tlog
e:\c语言文件\psp案例修改\psp案例修改\x64\debug\psp案例修改.tlog\cl.read.1.tlog
e:\c语言文件\psp案例修改\psp案例修改\x64\debug\psp案例修改.tlog\cl.write.1.tlog
e:\c语言文件\psp案例修改\psp案例修改\x64\debug\psp案例修改.tlog\link.command.1.tlog
e:\c语言文件\psp案例修改\psp案例修改\x64\debug\psp案例修改.tlog\link.read.1.tlog
e:\c语言文件\psp案例修改\psp案例修改\x64\debug\psp案例修改.tlog\link.write.1.tlog
